{
  "stats": {
    "suites": 0,
    "tests": 1,
    "passes": 1,
    "pending": 0,
    "failures": 0,
    "start": "2022-02-15T14:17:34.829Z",
    "end": "2022-02-15T14:17:51.999Z",
    "duration": 17170,
    "testsRegistered": 1,
    "passPercent": 100,
    "pendingPercent": 0,
    "other": 0,
    "hasOther": false,
    "skipped": 0,
    "hasSkipped": false
  },
  "results": [
    {
      "uuid": "df9fb252-1ea6-452a-8e69-cda3f539661d",
      "title": "",
      "fullFile": "cypress/integration/my_first_test.js",
      "file": "cypress/integration/my_first_test.js",
      "beforeHooks": [],
      "afterHooks": [],
      "tests": [
        {
          "title": "login test",
          "fullTitle": "login test",
          "timedOut": null,
          "duration": 13500,
          "state": "passed",
          "speed": "slow",
          "pass": true,
          "fail": false,
          "pending": false,
          "context": null,
          "code": "loginPage.navigate(\"https://opensource-demo.orangehrmlive.com/auth/login\");\nloginPage.enterUsername(\"Admin\");\nloginPage.enterPassword(\"admin123\");\nloginPage.clickLogin();\ncy.get('#menu_admin_viewAdminModule > b').click();\ncy.get('#btnAdd').click(); // find --> find descendant component in father component\ncy.get('fieldset > p').find(\"#btnSave\").click();",
          "err": {},
          "uuid": "3559df3d-9b7b-45fd-8b7b-db7e42301835",
          "parentUUID": "df9fb252-1ea6-452a-8e69-cda3f539661d",
          "isHook": false,
          "skipped": false
        }
      ],
      "suites": [],
      "passes": [
        "3559df3d-9b7b-45fd-8b7b-db7e42301835"
      ],
      "failures": [],
      "pending": [],
      "skipped": [],
      "duration": 13500,
      "root": true,
      "rootEmpty": false,
      "_timeout": 2000
    }
  ],
  "meta": {
    "mocha": {
      "version": "7.0.1"
    },
    "mochawesome": {
      "options": {
        "quiet": false,
        "reportFilename": "mochawesome",
        "saveHtml": false,
        "saveJson": true,
        "consoleReporter": "spec",
        "useInlineDiffs": false,
        "code": true
      },
      "version": "7.0.1"
    },
    "marge": {
      "options": {
        "charts": true,
        "overwrite": false,
        "html": false,
        "json": true,
        "reportDir": "cypress/reports"
      },
      "version": "6.0.1"
    }
  }
}